<?xml version="1.0" encoding="UTF-8"?>
<!-- Generated by org.testng.reporters.JUnitReportReporter -->
<testsuite hostname="LAPTOP-ACGA3MB6" failures="0" tests="1" name="Demo_TestNG.Demo_TestNg.annotations" time="0.007" errors="0" timestamp="09 Nov 2021 06:20:53 GMT" skipped="0">
  <testcase classname="Demo_TestNG.Demo_TestNg.annotations" name="m11" time="0.007"/>
</testsuite> <!-- Demo_TestNG.Demo_TestNg.annotations -->
